#
# There is insufficient memory for the Java Runtime Environment to continue.
# Native memory allocation (malloc) failed to allocate 1048576 bytes for AllocateHeap
# Possible reasons:
#   The system is out of physical RAM or swap space
#   The process is running with CompressedOops enabled, and the Java Heap may be blocking the growth of the native heap
# Possible solutions:
#   Reduce memory load on the system
#   Increase physical memory or swap space
#   Check if swap backing store is full
#   Decrease Java heap size (-Xmx/-Xms)
#   Decrease number of Java threads
#   Decrease Java thread stack sizes (-Xss)
#   Set larger code cache with -XX:ReservedCodeCacheSize=
#   JVM is running with Unscaled Compressed Oops mode in which the Java heap is
#     placed in the first 4GB address space. The Java Heap base address is the
#     maximum limit for the native heap growth. Please use -XX:HeapBaseMinAddress
#     to set the Java Heap base and to place the Java Heap above 4GB virtual address.
# This output file may be truncated or incomplete.
#
#  Out of Memory Error (memory/allocation.inline.hpp:61), pid=21292, tid=0x0000000000000c80
#
# JRE version:  (8.0_311-b11) (build )
# Java VM: Java HotSpot(TM) 64-Bit Server VM (25.311-b11 mixed mode windows-amd64 compressed oops)
# Failed to write core dump. Minidumps are not enabled by default on client versions of Windows
#

---------------  T H R E A D  ---------------

Current thread (0x000001ad219b1800):  JavaThread "Unknown thread" [_thread_in_vm, id=3200, stack(0x000000411bd00000,0x000000411be00000)]

Stack: [0x000000411bd00000,0x000000411be00000]
Native frames: (J=compiled Java code, j=interpreted, Vv=VM code, C=native code)
V  [jvm.dll+0x32f239]
V  [jvm.dll+0x275882]
V  [jvm.dll+0x27652d]
V  [jvm.dll+0x26cf65]
V  [jvm.dll+0x509d]
V  [jvm.dll+0x3ca4ac]
V  [jvm.dll+0x3c6827]
V  [jvm.dll+0xfce3f]
V  [jvm.dll+0x20a21b]
V  [jvm.dll+0x238c47]
V  [jvm.dll+0x1628e6]
C  [java.exe+0x2312]
C  [java.exe+0x15f54]
C  [KERNEL32.DLL+0x17034]
C  [ntdll.dll+0x52651]


---------------  P R O C E S S  ---------------

Java Threads: ( => current thread )

Other Threads:

=>0x000001ad219b1800 (exited) JavaThread "Unknown thread" [_thread_in_vm, id=3200, stack(0x000000411bd00000,0x000000411be00000)]

VM state:not at safepoint (normal execution)

VM Mutex/Monitor currently owned by a thread: None

heap address: 0x0000000081e00000, size: 2018 MB, Compressed Oops mode: 32-bit
Narrow klass base: 0x0000000000000000, Narrow klass shift: 3
Compressed class space size: 1073741824 Address: 0x0000000100000000

Heap:
 PSYoungGen      total 38400K, used 665K [0x00000000d5f80000, 0x00000000d8a00000, 0x0000000100000000)
  eden space 33280K, 2% used [0x00000000d5f80000,0x00000000d6026670,0x00000000d8000000)
  from space 5120K, 0% used [0x00000000d8500000,0x00000000d8500000,0x00000000d8a00000)
  to   space 5120K, 0% used [0x00000000d8000000,0x00000000d8000000,0x00000000d8500000)
 ParOldGen       total 87552K, used 0K [0x0000000081e00000, 0x0000000087380000, 0x00000000d5f80000)
  object space 87552K, 0% used [0x0000000081e00000,0x0000000081e00000,0x0000000087380000)
 Metaspace       used 753K, capacity 4480K, committed 4480K, reserved 1056768K
  class space    used 76K, capacity 384K, committed 384K, reserved 1048576K

Card table byte_map: [0x000001ad327b0000,0x000001ad32bb0000] byte_map_base: 0x000001ad323a1000

Marking Bits: (ParMarkBitMap*) 0x0000000065958030
 Begin Bits: [0x000001ad32e60000, 0x000001ad34de8000)
 End Bits:   [0x000001ad34de8000, 0x000001ad36d70000)

Polling page: 0x000001ad21b80000

CodeCache: size=245760Kb used=329Kb max_used=329Kb free=245430Kb
 bounds [0x000001ad233f0000, 0x000001ad23660000, 0x000001ad323f0000]
 total_blobs=58 nmethods=0 adapters=38
 compilation: enabled

Compilation events (0 events):
No events

GC Heap History (0 events):
No events

Deoptimization events (0 events):
No events

Classes redefined (0 events):
No events

Internal exceptions (0 events):
No events

Events (10 events):
Event: 0.021 loading class java/lang/Short
Event: 0.021 loading class java/lang/Short done
Event: 0.021 loading class java/lang/Integer
Event: 0.021 loading class java/lang/Integer done
Event: 0.021 loading class java/lang/Long
Event: 0.021 loading class java/lang/Long done
Event: 0.021 loading class java/lang/NullPointerException
Event: 0.022 loading class java/lang/NullPointerException done
Event: 0.022 loading class java/lang/ArithmeticException
Event: 0.022 loading class java/lang/ArithmeticException done


Dynamic libraries:
0x00007ff6e5f50000 - 0x00007ff6e5f97000 	C:\Program Files (x86)\Common Files\Oracle\Java\javapath\java.exe
0x00007ff952010000 - 0x00007ff952205000 	C:\WINDOWS\SYSTEM32\ntdll.dll
0x00007ff9503d0000 - 0x00007ff95048d000 	C:\WINDOWS\System32\KERNEL32.DLL
0x00007ff94f9d0000 - 0x00007ff94fc9d000 	C:\WINDOWS\System32\KERNELBASE.dll
0x00007ff950880000 - 0x00007ff95092e000 	C:\WINDOWS\System32\ADVAPI32.dll
0x00007ff951c90000 - 0x00007ff951d2e000 	C:\WINDOWS\System32\msvcrt.dll
0x00007ff951d30000 - 0x00007ff951dcc000 	C:\WINDOWS\System32\sechost.dll
0x00007ff951ea0000 - 0x00007ff951fc5000 	C:\WINDOWS\System32\RPCRT4.dll
0x00007ff950110000 - 0x00007ff9502b0000 	C:\WINDOWS\System32\USER32.dll
0x00007ff94fd10000 - 0x00007ff94fd32000 	C:\WINDOWS\System32\win32u.dll
0x00007ff9517c0000 - 0x00007ff9517ea000 	C:\WINDOWS\System32\GDI32.dll
0x00007ff94fdd0000 - 0x00007ff94fedb000 	C:\WINDOWS\System32\gdi32full.dll
0x00007ff94ff90000 - 0x00007ff95002d000 	C:\WINDOWS\System32\msvcp_win.dll
0x00007ff94f720000 - 0x00007ff94f820000 	C:\WINDOWS\System32\ucrtbase.dll
0x00007ff937530000 - 0x00007ff9377ca000 	C:\WINDOWS\WinSxS\amd64_microsoft.windows.common-controls_6595b64144ccf1df_6.0.19041.1110_none_60b5254171f9507e\COMCTL32.dll
0x00007ff951790000 - 0x00007ff9517c0000 	C:\WINDOWS\System32\IMM32.DLL
0x00007ff93fbb0000 - 0x00007ff93fbc5000 	D:\Java\java1.8.0_311\bin\vcruntime140.dll
0x00007ff912140000 - 0x00007ff9121db000 	D:\Java\java1.8.0_311\bin\msvcp140.dll
0x0000000065170000 - 0x00000000659d0000 	D:\Java\java1.8.0_311\bin\server\jvm.dll
0x00007ff950de0000 - 0x00007ff950de8000 	C:\WINDOWS\System32\PSAPI.DLL
0x00007ff931fe0000 - 0x00007ff931fe9000 	C:\WINDOWS\SYSTEM32\WSOCK32.dll
0x00007ff942370000 - 0x00007ff942397000 	C:\WINDOWS\SYSTEM32\WINMM.dll
0x00007ff947cf0000 - 0x00007ff947cfa000 	C:\WINDOWS\SYSTEM32\VERSION.dll
0x00007ff950930000 - 0x00007ff95099b000 	C:\WINDOWS\System32\WS2_32.dll
0x00007ff94dfe0000 - 0x00007ff94dff2000 	C:\WINDOWS\SYSTEM32\kernel.appcore.dll
0x00007ff94ab20000 - 0x00007ff94ab30000 	D:\Java\java1.8.0_311\bin\verify.dll
0x00007ff93fb80000 - 0x00007ff93fbab000 	D:\Java\java1.8.0_311\bin\java.dll
0x00007ff93fb60000 - 0x00007ff93fb78000 	D:\Java\java1.8.0_311\bin\zip.dll
0x00007ff94dd90000 - 0x00007ff94df74000 	C:\WINDOWS\SYSTEM32\dbghelp.dll
0x00007ff94fd40000 - 0x00007ff94fdc2000 	C:\WINDOWS\System32\bcryptPrimitives.dll

VM Arguments:
java_command: Main ../src/testcases/account.obr
java_class_path (initial): .;tools.jar;dt.jar;
Launcher Type: SUN_STANDARD

Environment Variables:
JAVA_HOME=D:\Java JDK
CLASSPATH=.;tools.jar;dt.jar;
PATH=C:\Program Files (x86)\Common Files\Oracle\Java\javapath;C:\Program Files (x86)\Common Files\Intel\Shared Libraries\redist\intel64\compiler;C:\windows\system32;C:\windows;C:\windows\System32\Wbem;C:\windows\System32\WindowsPowerShell\v1.0\;C:\windows\System32\OpenSSH\;C:\Program Files (x86)\NVIDIA Corporation\PhysX\Common;C:\Program Files\NVIDIA Corporation\NVIDIA NGX;C:\Program Files\NVIDIA Corporation\NVIDIA NvDLISR;C:\Program Files\Intel\WiFi\bin\;C:\Program Files\Common Files\Intel\WirelessCommon\;C:\Program Files\MySQL\MySQL Server 8.0\bin;C:\WINDOWS\system32;C:\WINDOWS;C:\WINDOWS\System32\Wbem;C:\WINDOWS\System32\WindowsPowerShell\v1.0\;C:\WINDOWS\System32\OpenSSH\;D:\matlab\bin;D:\Android SDK\android-sdk-windows\platform-tools;D:\Android SDK\android-sdk-windows\tools;D:\Java JDK\bin;D:\Java JDK\jre\bin;D:\cmake\bin;"D:\anaconda;D:\anaconda\Library\bin;D:\anaconda\Scripts";D:\jflex-1.8.2\bin;C:\Program Files\MySQL\MySQL Shell 8.0\bin\;C:\Users\86158\AppData\Local\Programs\Python\Python39\Scripts\;C:\Users\86158\AppData\Local\Programs\Python\Python39\;C:\Users\86158\AppData\Local\Microsoft\WindowsApps;D:\VScode\Microsoft VS Code\bin;D:\VScode\x86_64-8.1.0-release-posix-seh-rt_v6-rev0\mingw64\bin;
USERNAME=86158
OS=Windows_NT
PROCESSOR_IDENTIFIER=Intel64 Family 6 Model 158 Stepping 10, GenuineIntel



---------------  S Y S T E M  ---------------

OS: Windows 10.0 , 64 bit Build 19041 (10.0.19041.1706)

CPU:total 8 (initial active 8) (4 cores per cpu, 2 threads per core) family 6 model 158 stepping 10, cmov, cx8, fxsr, mmx, sse, sse2, sse3, ssse3, sse4.1, sse4.2, popcnt, avx, avx2, aes, clmul, erms, 3dnowpref, lzcnt, ht, tsc, tscinvbit, bmi1, bmi2, adx

Memory: 4k page, physical 8263332k(1557276k free), swap 12457636k(80628k free)

vm_info: Java HotSpot(TM) 64-Bit Server VM (25.311-b11) for windows-amd64 JRE (1.8.0_311-b11), built on Sep 27 2021 05:15:14 by "java_re" with MS VC++ 15.9 (VS2017)

time: Thu May 26 19:18:04 2022
timezone: 中国标准时间
elapsed time: 0.053100 seconds (0d 0h 0m 0s)

